<?xml version="1.0" encoding="UTF-8"?>
<testng-results ignored="0" total="4" passed="4" failed="0" skipped="0">
  <reporter-output>
  </reporter-output>
  <suite started-at="2022-10-02T18:50:00 IST" name="Suite" finished-at="2022-10-02T18:50:40 IST" duration-ms="40735">
    <groups>
    </groups>
    <test started-at="2022-10-02T18:50:00 IST" name="Test_chrome" finished-at="2022-10-02T18:50:06 IST" duration-ms="6295">
      <class name="test_testng.Test_testng_001">
        <test-method is-config="true" signature="BM(java.lang.String)[pri:0, instance:test_testng.Test_testng_001@33990a0c]" started-at="2022-10-02T18:50:00 IST" name="BM" finished-at="2022-10-02T18:50:05 IST" duration-ms="5673" status="PASS">
          <params>
            <param index="0">
              <value>
                <![CDATA[Chrome]]>
              </value>
            </param>
          </params>
          <reporter-output>
          </reporter-output>
        </test-method> <!-- BM -->
        <test-method signature="t1()[pri:0, instance:test_testng.Test_testng_001@33990a0c]" started-at="2022-10-02T18:50:05 IST" name="t1" finished-at="2022-10-02T18:50:05 IST" duration-ms="7" status="PASS">
          <reporter-output>
          </reporter-output>
        </test-method> <!-- t1 -->
        <test-method is-config="true" signature="AM()[pri:0, instance:test_testng.Test_testng_001@33990a0c]" started-at="2022-10-02T18:50:05 IST" name="AM" finished-at="2022-10-02T18:50:06 IST" duration-ms="568" status="PASS">
          <reporter-output>
          </reporter-output>
        </test-method> <!-- AM -->
      </class> <!-- test_testng.Test_testng_001 -->
    </test> <!-- Test_chrome -->
    <test started-at="2022-10-02T18:50:06 IST" name="Test_edge" finished-at="2022-10-02T18:50:24 IST" duration-ms="17898">
      <class name="test_testng.Test_testng_001">
        <test-method is-config="true" signature="BM(java.lang.String)[pri:0, instance:test_testng.Test_testng_001@2805d709]" started-at="2022-10-02T18:50:06 IST" name="BM" finished-at="2022-10-02T18:50:23 IST" duration-ms="17308" status="PASS">
          <params>
            <param index="0">
              <value>
                <![CDATA[edge]]>
              </value>
            </param>
          </params>
          <reporter-output>
          </reporter-output>
        </test-method> <!-- BM -->
        <test-method signature="t1()[pri:0, instance:test_testng.Test_testng_001@2805d709]" started-at="2022-10-02T18:50:23 IST" name="t1" finished-at="2022-10-02T18:50:23 IST" duration-ms="1" status="PASS">
          <reporter-output>
          </reporter-output>
        </test-method> <!-- t1 -->
        <test-method is-config="true" signature="AM()[pri:0, instance:test_testng.Test_testng_001@2805d709]" started-at="2022-10-02T18:50:23 IST" name="AM" finished-at="2022-10-02T18:50:24 IST" duration-ms="584" status="PASS">
          <reporter-output>
          </reporter-output>
        </test-method> <!-- AM -->
      </class> <!-- test_testng.Test_testng_001 -->
    </test> <!-- Test_edge -->
    <test started-at="2022-10-02T18:50:24 IST" name="Test_firefox" finished-at="2022-10-02T18:50:33 IST" duration-ms="9280">
      <class name="test_testng.Test_testng_001">
        <test-method is-config="true" signature="BM(java.lang.String)[pri:0, instance:test_testng.Test_testng_001@194bcebf]" started-at="2022-10-02T18:50:24 IST" name="BM" finished-at="2022-10-02T18:50:30 IST" duration-ms="6082" status="PASS">
          <params>
            <param index="0">
              <value>
                <![CDATA[firefox]]>
              </value>
            </param>
          </params>
          <reporter-output>
          </reporter-output>
        </test-method> <!-- BM -->
        <test-method signature="t1()[pri:0, instance:test_testng.Test_testng_001@194bcebf]" started-at="2022-10-02T18:50:30 IST" name="t1" finished-at="2022-10-02T18:50:30 IST" duration-ms="2" status="PASS">
          <reporter-output>
          </reporter-output>
        </test-method> <!-- t1 -->
        <test-method is-config="true" signature="AM()[pri:0, instance:test_testng.Test_testng_001@194bcebf]" started-at="2022-10-02T18:50:30 IST" name="AM" finished-at="2022-10-02T18:50:33 IST" duration-ms="3193" status="PASS">
          <reporter-output>
          </reporter-output>
        </test-method> <!-- AM -->
      </class> <!-- test_testng.Test_testng_001 -->
    </test> <!-- Test_firefox -->
    <test started-at="2022-10-02T18:50:33 IST" name="Test_opera" finished-at="2022-10-02T18:50:40 IST" duration-ms="7215">
      <class name="test_testng.Test_testng_001">
        <test-method is-config="true" signature="BM(java.lang.String)[pri:0, instance:test_testng.Test_testng_001@53ce1329]" started-at="2022-10-02T18:50:33 IST" name="BM" finished-at="2022-10-02T18:50:40 IST" duration-ms="6751" status="PASS">
          <params>
            <param index="0">
              <value>
                <![CDATA[opera]]>
              </value>
            </param>
          </params>
          <reporter-output>
          </reporter-output>
        </test-method> <!-- BM -->
        <test-method signature="t1()[pri:0, instance:test_testng.Test_testng_001@53ce1329]" started-at="2022-10-02T18:50:40 IST" name="t1" finished-at="2022-10-02T18:50:40 IST" duration-ms="1" status="PASS">
          <reporter-output>
          </reporter-output>
        </test-method> <!-- t1 -->
        <test-method is-config="true" signature="AM()[pri:0, instance:test_testng.Test_testng_001@53ce1329]" started-at="2022-10-02T18:50:40 IST" name="AM" finished-at="2022-10-02T18:50:40 IST" duration-ms="460" status="PASS">
          <reporter-output>
          </reporter-output>
        </test-method> <!-- AM -->
      </class> <!-- test_testng.Test_testng_001 -->
    </test> <!-- Test_opera -->
  </suite> <!-- Suite -->
</testng-results>
